<?xml version="1.0" encoding="UTF-8"?>
<!-- Generated by org.testng.reporters.JUnitXMLReporter -->
<testsuite ignored="0" hostname="ToqaHussein" failures="0" tests="27" name="Surefire test" time="143.411" errors="0" timestamp="2025-05-09T21:06:47 EEST">
  <testcase classname="Login" name="TC01_verifyValidLogin" time="2.835"/>
  <testcase classname="Login" name="TC02_verifyLoginFailsWithIncorrectCredentials" time="1.202"/>
  <testcase classname="Login" name="TC03_verifyLoginFailsWithBlankCredentials" time="0.781"/>
  <testcase classname="Login" name="TC04_validateErrorMessageOnFailedLogin" time="1.353"/>
  <testcase classname="Register" name="testNavigateToRegistrationPage" time="4.146"/>
  <testcase classname="Register" name="testRegisterWithMissingFields" time="3.942"/>
  <testcase classname="Register" name="testRegisterWithTakenUsername" time="8.476"/>
  <testcase classname="Register" name="testRegisterWithValidDetails" time="5.611"/>
  <testcase classname="TransferFundsS1" name="registerTest" time="3.501"/>
  <testcase classname="TransferFundsS1" name="openAccountTest" time="12.902"/>
  <testcase classname="TransferFundsS1" name="transferFundsTest" time="2.093"/>
  <testcase classname="TransferFundsS1" name="verifyTransferTest" time="0.032"/>
  <testcase classname="TransferFundsS1" name="logoutTest" time="0.88"/>
  <testcase classname="TransferFundsS2" name="registerTest" time="2.567"/>
  <testcase classname="TransferFundsS2" name="openAccountTest" time="12.577"/>
  <testcase classname="TransferFundsS2" name="transferFundsTest" time="1.936"/>
  <testcase classname="TransferFundsS2" name="verifyTransferTest" time="0.027"/>
  <testcase classname="TransferFundsS2" name="searchTransferByAmountTest" time="2.835"/>
  <testcase classname="TransferFundsS2" name="logoutTest" time="0.895"/>
  <testcase classname="TransferFundsS3" name="registerNewUser" time="3.084"/>
  <testcase classname="TransferFundsS3" name="transferWithoutDataWhileLoggedIn" time="1.27"/>
  <testcase classname="TransferFundsS3" name="logoutAndAccessProtectedPage" time="1.383"/>
  <testcase classname="UpdateProfile" name="registerAndUpdateProfile" time="14.657"/>
  <testcase classname="UpdateProfileWithEmpty" name="updateProfileWithEmptyFields_ShouldShowValidation" time="9.607"/>
  <testcase classname="zBillPayment" name="TC18_navigateToBillPay" time="0.756"/>
  <testcase classname="zBillPayment" name="TC19_validBillPaymentSubmission" time="2.883"/>
  <testcase classname="zBillPayment" name="TC20_submitBillPayWithEmptyFields" time="0.907"/>
</testsuite> <!-- Surefire test -->
