<?xml version="1.0" encoding="UTF-8"?>
<!-- Generated by org.testng.reporters.JUnitXMLReporter -->
<testsuite ignored="0" hostname="ToqaHussein" failures="0" tests="4" name="Surefire test" time="24.955" errors="0" timestamp="2025-05-09T20:39:46 EEST">
  <testcase classname="Login" name="TC01_verifyValidLogin" time="3.761"/>
  <testcase classname="Login" name="TC02_verifyLoginFailsWithIncorrectCredentials" time="1.168"/>
  <testcase classname="Login" name="TC03_verifyLoginFailsWithBlankCredentials" time="0.682"/>
  <testcase classname="Login" name="TC04_validateErrorMessageOnFailedLogin" time="0.944"/>
</testsuite> <!-- Surefire test -->
